\BOOKMARK [0][-]{chapter.1}{Einf\374hrung}{}% 1
\BOOKMARK [1][-]{section.1.1}{Motivation}{chapter.1}% 2
\BOOKMARK [1][-]{section.1.2}{Zielstellung}{chapter.1}% 3
\BOOKMARK [1][-]{section.1.3}{Aufbau der Arbeit}{chapter.1}% 4
\BOOKMARK [0][-]{chapter.2}{Bestehende Konzepte und deren Beurteilung}{}% 5
\BOOKMARK [1][-]{section.2.1}{Ampelinformationssysteme}{chapter.2}% 6
\BOOKMARK [2][-]{subsection.2.1.1}{Gr\374ne Welle auf Radwegen}{section.2.1}% 7
\BOOKMARK [2][-]{subsection.2.1.2}{Individuelle Ampelinformationssysteme im Auto}{section.2.1}% 8
\BOOKMARK [1][-]{section.2.2}{Ampelinformationssysteme als mobile Applikation}{chapter.2}% 9
\BOOKMARK [1][-]{section.2.3}{Fahrraderweiterungen}{chapter.2}% 10
\BOOKMARK [2][-]{subsection.2.3.1}{Displaylose Fahrradnavigation}{section.2.3}% 11
\BOOKMARK [2][-]{subsection.2.3.2}{Intelligente Fahrradlenker}{section.2.3}% 12
\BOOKMARK [2][-]{subsection.2.3.3}{Das Samsung Smart Bike}{section.2.3}% 13
\BOOKMARK [2][-]{subsection.2.3.4}{Der COBI Fahrradcomputer}{section.2.3}% 14
\BOOKMARK [1][-]{section.2.4}{Analyseergebnis}{chapter.2}% 15
\BOOKMARK [0][-]{chapter.3}{Grundlagen}{}% 16
\BOOKMARK [1][-]{section.3.1}{Mathematische Grundlagen}{chapter.3}% 17
\BOOKMARK [2][-]{subsection.3.1.1}{Berechnung der Dauer der Ampelphase}{section.3.1}% 18
\BOOKMARK [2][-]{subsection.3.1.2}{Berechnung zuer Ermittlung der Progressionsgeschwindigkeit}{section.3.1}% 19
\BOOKMARK [1][-]{section.3.2}{Technische Grundlagen}{chapter.3}% 20
\BOOKMARK [2][-]{subsection.3.2.1}{Arduino / Android-App}{section.3.2}% 21
\BOOKMARK [3][-]{subsubsection.3.2.1.1}{Mobile Sensing}{subsection.3.2.1}% 22
\BOOKMARK [2][-]{subsection.3.2.2}{Backend mit nodejs / socket.io und MongoDB}{section.3.2}% 23
\BOOKMARK [2][-]{subsection.3.2.3}{Open-Street-Map}{section.3.2}% 24
\BOOKMARK [0][-]{chapter.4}{Die Anforderungsanalyse}{}% 25
\BOOKMARK [1][-]{section.4.1}{Personas}{chapter.4}% 26
\BOOKMARK [1][-]{section.4.2}{Funktionalit\344t}{chapter.4}% 27
\BOOKMARK [1][-]{section.4.3}{Diagramme}{chapter.4}% 28
\BOOKMARK [1][-]{section.4.4}{Die graphische Oberfl\344che}{chapter.4}% 29
\BOOKMARK [0][-]{chapter.5}{Konzeption}{}% 30
\BOOKMARK [1][-]{section.5.1}{Architektur}{chapter.5}% 31
\BOOKMARK [2][-]{subsection.5.1.1}{Technologien}{section.5.1}% 32
\BOOKMARK [2][-]{subsection.5.1.2}{Navigation \(bei App\)}{section.5.1}% 33
\BOOKMARK [1][-]{section.5.2}{Das Design}{chapter.5}% 34
\BOOKMARK [2][-]{subsection.5.2.1}{Anzeigeelemente}{section.5.2}% 35
\BOOKMARK [3][-]{subsubsection.5.2.1.1}{Geschwindigkeit}{subsection.5.2.1}% 36
\BOOKMARK [3][-]{subsubsection.5.2.1.2}{Ampeln}{subsection.5.2.1}% 37
\BOOKMARK [3][-]{subsubsection.5.2.1.3}{Informationen}{subsection.5.2.1}% 38
\BOOKMARK [1][-]{section.5.3}{Ampeldatenanfrage und Auswertung}{chapter.5}% 39
\BOOKMARK [2][-]{subsection.5.3.1}{Sensoren}{section.5.3}% 40
\BOOKMARK [3][-]{subsubsection.5.3.1.1}{GPS}{subsection.5.3.1}% 41
\BOOKMARK [1][-]{section.5.4}{Theorie}{chapter.5}% 42
\BOOKMARK [2][-]{subsection.5.4.1}{Die Berechnung der Entferung}{section.5.4}% 43
\BOOKMARK [2][-]{subsection.5.4.2}{Die Berechnung der Ankunft in Abh\344ngigkeit der Geschwindigkeit}{section.5.4}% 44
\BOOKMARK [2][-]{subsection.5.4.3}{Die Berechnung der Dauer der Ampelphase?}{section.5.4}% 45
\BOOKMARK [1][-]{section.5.5}{Funktionalit\344ten \205> Anforderungsanalyse?}{chapter.5}% 46
\BOOKMARK [0][-]{chapter.6}{Der Prototyp}{}% 47
\BOOKMARK [1][-]{subsection.6.0.1}{APIs}{chapter.6}% 48
\BOOKMARK [2][-]{subsection.6.0.2}{Komponenten}{subsection.6.0.1}% 49
\BOOKMARK [0][-]{chapter.7}{Evaluierung}{}% 50
\BOOKMARK [1][-]{section.7.1}{Systemtest}{chapter.7}% 51
\BOOKMARK [0][-]{chapter.8}{Ergebnis und Ausblick}{}% 52
\BOOKMARK [1][-]{section.8.1}{Ampelhinweissystem}{chapter.8}% 53
\BOOKMARK [1][-]{section.8.2}{Ausblick}{chapter.8}% 54
\BOOKMARK [0][-]{section*.11}{Akronyme}{}% 55
\BOOKMARK [0][-]{section*.13}{Glossar}{}% 56
\BOOKMARK [0][-]{chapter*.14}{Abbildungsverzeichnis}{}% 57
\BOOKMARK [0][-]{chapter*.15}{Literaturverzeichnis}{}% 58
